<?xml version="1.0" encoding="UTF-8"?>
<!-- Generated by org.testng.reporters.JUnitReportReporter -->
<testsuite skipped="0" hostname="ICPL11548" name="com.QEonboardingpractice.tests.FlightbookingTest" tests="1" failures="0" timestamp="02 Feb 2018 05:32:46 GMT" time="28.813" errors="0">
  <testcase name="testFlightbooking" time="28.813" classname="com.QEonboardingpractice.tests.FlightbookingTest"/>
</testsuite> <!-- com.QEonboardingpractice.tests.FlightbookingTest -->
